<?xml version="1.0" encoding="UTF-8"?>
<testsuite xmlns:xsi="http://www.w3.org/2001/XMLSchema-instance" xsi:noNamespaceSchemaLocation="https://maven.apache.org/surefire/maven-surefire-plugin/xsd/surefire-test-report-3.0.xsd" version="3.0" name="com.bank.business.CustomerServiceImplTest" time="0.136" tests="2" errors="0" skipped="0" failures="0">
  <properties>
[...]
</properties>
  <testcase name="login_correctCredentials_returnsTrue" classname="com.bank.business.CustomerServiceImplTest" time="0.12"/>
  <testcase name="login_wrongPin_returnsFalse" classname="com.bank.business.CustomerServiceImplTest" time="0.001"/>
</testsuite>